<?xml version="1.0" encoding="UTF-8"?>
<testng-results skipped="0" failed="0" total="5" passed="5">
  <reporter-output>
  </reporter-output>
  <suite name="Default suite" duration-ms="51740" started-at="2013-11-17T21:27:47Z" finished-at="2013-11-17T21:28:38Z">
    <groups>
    </groups>
    <test name="Default test" duration-ms="51740" started-at="2013-11-17T21:27:47Z" finished-at="2013-11-17T21:28:38Z">
      <class name="com.example.tests.ContactModificationTests">
        <test-method status="PASS" signature="setUp()[pri:0, instance:com.example.tests.ContactModificationTests@62deaa2e]" name="setUp" is-config="true" duration-ms="20796" started-at="2013-11-18T01:27:47Z" finished-at="2013-11-18T01:28:07Z">
          <reporter-output>
          </reporter-output>
        </test-method> <!-- setUp -->
        <test-method status="PASS" signature="modifySomeGroup(com.example.tests.ContactData)[pri:0, instance:com.example.tests.ContactModificationTests@62deaa2e]" name="modifySomeGroup" duration-ms="6661" started-at="2013-11-18T01:28:07Z" data-provider="randomValidContactGenerator" finished-at="2013-11-18T01:28:14Z">
          <params>
            <param index="0">
              <value>
                <![CDATA[ContactData [firstname=test627008981 lastname=test627008981]]]>
              </value>
            </param>
          </params>
          <reporter-output>
          </reporter-output>
        </test-method> <!-- modifySomeGroup -->
        <test-method status="PASS" signature="modifySomeGroup(com.example.tests.ContactData)[pri:0, instance:com.example.tests.ContactModificationTests@62deaa2e]" name="modifySomeGroup" duration-ms="6147" started-at="2013-11-18T01:28:14Z" data-provider="randomValidContactGenerator" finished-at="2013-11-18T01:28:20Z">
          <params>
            <param index="0">
              <value>
                <![CDATA[ContactData [firstname=test-974489798 lastname=test-974489798]]]>
              </value>
            </param>
          </params>
          <reporter-output>
          </reporter-output>
        </test-method> <!-- modifySomeGroup -->
        <test-method status="PASS" signature="modifySomeGroup(com.example.tests.ContactData)[pri:0, instance:com.example.tests.ContactModificationTests@62deaa2e]" name="modifySomeGroup" duration-ms="5902" started-at="2013-11-18T01:28:20Z" data-provider="randomValidContactGenerator" finished-at="2013-11-18T01:28:26Z">
          <params>
            <param index="0">
              <value>
                <![CDATA[ContactData [firstname=test1024102154 lastname=test1024102154]]]>
              </value>
            </param>
          </params>
          <reporter-output>
          </reporter-output>
        </test-method> <!-- modifySomeGroup -->
        <test-method status="PASS" signature="modifySomeGroup(com.example.tests.ContactData)[pri:0, instance:com.example.tests.ContactModificationTests@62deaa2e]" name="modifySomeGroup" duration-ms="6076" started-at="2013-11-18T01:28:26Z" data-provider="randomValidContactGenerator" finished-at="2013-11-18T01:28:32Z">
          <params>
            <param index="0">
              <value>
                <![CDATA[ContactData [firstname=test-991052085 lastname=test-991052085]]]>
              </value>
            </param>
          </params>
          <reporter-output>
          </reporter-output>
        </test-method> <!-- modifySomeGroup -->
        <test-method status="PASS" signature="modifySomeGroup(com.example.tests.ContactData)[pri:0, instance:com.example.tests.ContactModificationTests@62deaa2e]" name="modifySomeGroup" duration-ms="5876" started-at="2013-11-18T01:28:32Z" data-provider="randomValidContactGenerator" finished-at="2013-11-18T01:28:38Z">
          <params>
            <param index="0">
              <value>
                <![CDATA[ContactData [firstname= lastname=]]]>
              </value>
            </param>
          </params>
          <reporter-output>
          </reporter-output>
        </test-method> <!-- modifySomeGroup -->
        <test-method status="PASS" signature="tearDown()[pri:0, instance:com.example.tests.ContactModificationTests@62deaa2e]" name="tearDown" is-config="true" duration-ms="273" started-at="2013-11-18T01:28:38Z" finished-at="2013-11-18T01:28:38Z">
          <reporter-output>
          </reporter-output>
        </test-method> <!-- tearDown -->
      </class> <!-- com.example.tests.ContactModificationTests -->
    </test> <!-- Default test -->
  </suite> <!-- Default suite -->
</testng-results>
