<?xml version="1.0" encoding="UTF-8"?>
<!-- Generated by org.testng.reporters.JUnitXMLReporter -->
<testsuite hostname="RMFIWAS" name="Default test" tests="5" failures="0" timestamp="17 Nov 2013 21:28:38 GMT" time="51.74" errors="0">
  <testcase name="modifySomeGroup" time="6.661" classname="com.example.tests.ContactModificationTests"/>
  <testcase name="modifySomeGroup" time="6.147" classname="com.example.tests.ContactModificationTests"/>
  <testcase name="modifySomeGroup" time="5.902" classname="com.example.tests.ContactModificationTests"/>
  <testcase name="modifySomeGroup" time="6.076" classname="com.example.tests.ContactModificationTests"/>
  <testcase name="modifySomeGroup" time="5.876" classname="com.example.tests.ContactModificationTests"/>
</testsuite> <!-- Default test -->
