<?xml version="1.0" encoding="UTF-8"?>
<testng-results skipped="0" failed="0" total="2" passed="2">
  <reporter-output>
  </reporter-output>
  <suite name="Default suite" duration-ms="6903" started-at="2014-03-10T13:09:21Z" finished-at="2014-03-10T13:09:28Z">
    <groups>
    </groups>
    <test name="Default test" duration-ms="6903" started-at="2014-03-10T13:09:21Z" finished-at="2014-03-10T13:09:28Z">
      <class name="com.example.tests.TestFolderCreation">
        <test-method status="PASS" signature="setUp(java.lang.String)[pri:0, instance:com.example.tests.TestFolderCreation@c507334]" name="setUp" is-config="true" duration-ms="18" started-at="2014-03-10T17:09:21Z" finished-at="2014-03-10T17:09:21Z">
          <params>
            <param index="0">
              <value is-null="true"/>
            </param>
          </params>
          <reporter-output>
          </reporter-output>
        </test-method> <!-- setUp -->
        <test-method status="PASS" signature="testFolderCreation()[pri:0, instance:com.example.tests.TestFolderCreation@c507334]" name="testFolderCreation" duration-ms="3616" started-at="2014-03-10T17:09:21Z" finished-at="2014-03-10T17:09:24Z">
          <reporter-output>
          </reporter-output>
        </test-method> <!-- testFolderCreation -->
        <test-method status="PASS" signature="testFolderDeletion()[pri:0, instance:com.example.tests.TestFolderCreation@c507334]" name="testFolderDeletion" duration-ms="3251" started-at="2014-03-10T17:09:24Z" finished-at="2014-03-10T17:09:28Z">
          <reporter-output>
          </reporter-output>
        </test-method> <!-- testFolderDeletion -->
        <test-method status="PASS" signature="tearDown()[pri:0, instance:com.example.tests.TestFolderCreation@c507334]" name="tearDown" is-config="true" duration-ms="5" started-at="2014-03-10T17:09:28Z" finished-at="2014-03-10T17:09:28Z">
          <reporter-output>
          </reporter-output>
        </test-method> <!-- tearDown -->
      </class> <!-- com.example.tests.TestFolderCreation -->
    </test> <!-- Default test -->
  </suite> <!-- Default suite -->
</testng-results>
