<?xml version="1.0" encoding="UTF-8"?>
<testng-results skipped="0" failed="0" total="1" passed="1">
  <reporter-output>
  </reporter-output>
  <suite name="Default suite" duration-ms="23260" started-at="2014-03-11T10:49:08Z" finished-at="2014-03-11T10:49:32Z">
    <groups>
    </groups>
    <test name="Default test" duration-ms="23260" started-at="2014-03-11T10:49:08Z" finished-at="2014-03-11T10:49:32Z">
      <class name="com.example.tests.HouseCreationTests">
        <test-method status="PASS" signature="setUp()[pri:0, instance:com.example.tests.HouseCreationTests@39a287b7]" name="setUp" is-config="true" duration-ms="6780" started-at="2014-03-11T14:49:08Z" finished-at="2014-03-11T14:49:15Z">
          <reporter-output>
          </reporter-output>
        </test-method> <!-- setUp -->
        <test-method status="PASS" signature="testApartmentCreationWithValidData(com.example.fw.House)[pri:0, instance:com.example.tests.HouseCreationTests@39a287b7]" name="testApartmentCreationWithValidData" duration-ms="16349" started-at="2014-03-11T14:49:15Z" data-provider="houseFromFile" finished-at="2014-03-11T14:49:32Z">
          <params>
            <param index="0">
              <value>
                <![CDATA[House advertisement for:   Поселок Мирный, улица 3-я Р]]>
              </value>
            </param>
          </params>
          <reporter-output>
          </reporter-output>
        </test-method> <!-- testApartmentCreationWithValidData -->
        <test-method status="PASS" signature="tearDown()[pri:0, instance:com.example.tests.HouseCreationTests@39a287b7]" name="tearDown" is-config="true" duration-ms="0" started-at="2014-03-11T14:49:32Z" finished-at="2014-03-11T14:49:32Z">
          <reporter-output>
          </reporter-output>
        </test-method> <!-- tearDown -->
      </class> <!-- com.example.tests.HouseCreationTests -->
    </test> <!-- Default test -->
  </suite> <!-- Default suite -->
</testng-results>
