<?xml version="1.0" encoding="UTF-8"?>
<testng-results skipped="0" failed="1" total="1" passed="0">
  <reporter-output>
  </reporter-output>
  <suite name="Default suite" duration-ms="23323" started-at="2014-07-26T08:40:48Z" finished-at="2014-07-26T08:41:12Z">
    <groups>
    </groups>
    <test name="Default test" duration-ms="23323" started-at="2014-07-26T08:40:48Z" finished-at="2014-07-26T08:41:12Z">
      <class name="com.example.tests.BondarenkoCommercialCreationTests">
        <test-method status="PASS" signature="setUp()[pri:0, instance:com.example.tests.BondarenkoCommercialCreationTests@49885947]" name="setUp" is-config="true" duration-ms="3609" started-at="2014-07-26T12:40:48Z" finished-at="2014-07-26T12:40:52Z">
          <reporter-output>
          </reporter-output>
        </test-method> <!-- setUp -->
        <test-method status="FAIL" signature="testCommercialCreationWithValidData(com.example.fw.Commercial)[pri:0, instance:com.example.tests.BondarenkoCommercialCreationTests@49885947]" name="testCommercialCreationWithValidData" duration-ms="19605" started-at="2014-07-26T12:40:52Z" data-provider="commercialFromFile" finished-at="2014-07-26T12:41:12Z">
          <params>
            <param index="0">
              <value>
                <![CDATA[Commercial advertisement for Address: Бондаренко, 23]]>
              </value>
            </param>
          </params>
          <exception class="org.openqa.selenium.TimeoutException">
            <message>
              <![CDATA[Timed out after 15 seconds waiting for element to be clickable: By.id: fld_images
Build info: version: '2.37.0', revision: 'a7c61cb', time: '2013-10-18 17:14:00'
System info: host: 'IGRDC', ip: '192.168.1.135', os.name: 'Windows 8', os.arch: 'amd64', os.version: '6.2', java.version: '1.7.0_51'
Driver info: driver.version: unknown]]>
            </message>
            <full-stacktrace>
              <![CDATA[org.openqa.selenium.TimeoutException: Timed out after 15 seconds waiting for element to be clickable: By.id: fld_images
Build info: version: '2.37.0', revision: 'a7c61cb', time: '2013-10-18 17:14:00'
System info: host: 'IGRDC', ip: '192.168.1.135', os.name: 'Windows 8', os.arch: 'amd64', os.version: '6.2', java.version: '1.7.0_51'
Driver info: driver.version: unknown
	at org.openqa.selenium.support.ui.FluentWait.timeoutException(FluentWait.java:259)
	at org.openqa.selenium.support.ui.FluentWait.until(FluentWait.java:228)
	at com.example.fw.HelperBase.uploadImage(HelperBase.java:83)
	at com.example.fw.CommercialHelper.fillCommercialData(CommercialHelper.java:48)
	at com.example.fw.CommercialHelper.createCommercial(CommercialHelper.java:17)
	at com.example.tests.BondarenkoCommercialCreationTests.testCommercialCreationWithValidData(BondarenkoCommercialCreationTests.java:29)
	at sun.reflect.NativeMethodAccessorImpl.invoke0(Native Method)
	at sun.reflect.NativeMethodAccessorImpl.invoke(NativeMethodAccessorImpl.java:57)
	at sun.reflect.DelegatingMethodAccessorImpl.invoke(DelegatingMethodAccessorImpl.java:43)
	at java.lang.reflect.Method.invoke(Method.java:606)
	at org.testng.internal.MethodInvocationHelper.invokeMethod(MethodInvocationHelper.java:84)
	at org.testng.internal.Invoker.invokeMethod(Invoker.java:714)
	at org.testng.internal.Invoker.invokeTestMethod(Invoker.java:901)
	at org.testng.internal.Invoker.invokeTestMethods(Invoker.java:1231)
	at org.testng.internal.TestMethodWorker.invokeTestMethods(TestMethodWorker.java:127)
	at org.testng.internal.TestMethodWorker.run(TestMethodWorker.java:111)
	at org.testng.TestRunner.privateRun(TestRunner.java:767)
	at org.testng.TestRunner.run(TestRunner.java:617)
	at org.testng.SuiteRunner.runTest(SuiteRunner.java:334)
	at org.testng.SuiteRunner.runSequentially(SuiteRunner.java:329)
	at org.testng.SuiteRunner.privateRun(SuiteRunner.java:291)
	at org.testng.SuiteRunner.run(SuiteRunner.java:240)
	at org.testng.SuiteRunnerWorker.runSuite(SuiteRunnerWorker.java:52)
	at org.testng.SuiteRunnerWorker.run(SuiteRunnerWorker.java:86)
	at org.testng.TestNG.runSuitesSequentially(TestNG.java:1224)
	at org.testng.TestNG.runSuitesLocally(TestNG.java:1149)
	at org.testng.TestNG.run(TestNG.java:1057)
	at org.testng.remote.RemoteTestNG.run(RemoteTestNG.java:111)
	at org.testng.remote.RemoteTestNG.initAndRun(RemoteTestNG.java:204)
	at org.testng.remote.RemoteTestNG.main(RemoteTestNG.java:175)
]]>
            </full-stacktrace>
          </exception> <!-- org.openqa.selenium.TimeoutException -->
          <reporter-output>
          </reporter-output>
        </test-method> <!-- testCommercialCreationWithValidData -->
        <test-method status="PASS" signature="tearDown()[pri:0, instance:com.example.tests.BondarenkoCommercialCreationTests@49885947]" name="tearDown" is-config="true" duration-ms="0" started-at="2014-07-26T12:41:12Z" finished-at="2014-07-26T12:41:12Z">
          <reporter-output>
          </reporter-output>
        </test-method> <!-- tearDown -->
      </class> <!-- com.example.tests.BondarenkoCommercialCreationTests -->
    </test> <!-- Default test -->
  </suite> <!-- Default suite -->
</testng-results>
